
21:00:24  stow
21:00:24  RESETING TO POSITION 0, 0
21:00:24  CURRENT POSITION 0,0    
21:00:24  EXECUTING COMMAND G0 0 0    
21:00:24  MOVING TO 0,0 : estimated time: 0.0 seconds     
21:00:24  NEW POSITION AT 0,0
21:00:24  SHUTTING DOWN ANTENNA UNTIL GIVEN A NEW COMMAND
21:00:24  A0 OFF
21:00:30  move 60 60
21:00:30  CURRENT POSITION 0,0    
21:00:30  EXECUTING COMMAND G0 60 60    
21:00:30  MOVING TO 60.0,60.0 : estimated time: 300.0 seconds     
21:05:30  NEW POSITION AT 60.0,60.0
17:26:04  stow
17:26:04  RESETING TO POSITION 0, 0
17:26:04  CURRENT POSITION 0,0    
17:26:04  EXECUTING COMMAND G0 0 0    
17:26:04  MOVING TO 0,0 : estimated time: 0.0 seconds     
17:26:04  NEW POSITION AT 0,0
17:26:04  SHUTTING DOWN ANTENNA UNTIL GIVEN A NEW COMMAND
17:26:04  A0 OFF
17:52:59  sdfg
17:52:59  INVALID COMMAND
18:39:30  Generating Script
18:40:33  Generating Script
18:43:53  Generating Script
18:44:54  load script.david
18:44:54  READING FILE..
18:44:54  move 10 10
18:44:54  CURRENT POSITION 0,0    
18:44:54  EXECUTING COMMAND G0 10 10    
18:44:54  MOVING TO 10.0,10.0 : estimated time: 50.0 seconds     
18:45:33  load script.david
18:45:33  READING FILE..
18:45:33  move 10 10
18:45:33  CURRENT POSITION 0,0    
18:45:33  EXECUTING COMMAND G0 10 10    
18:45:33  MOVING TO 10.0,10.0 : estimated time: 50.0 seconds     
18:46:23  NEW POSITION AT 10.0,10.0
18:46:23  stow
18:46:23  RESETING TO POSITION 0, 0
18:46:23  CURRENT POSITION 10,10    
18:46:23  EXECUTING COMMAND G0 0 0    
18:46:23  MOVING TO 0,0 : estimated time: 50.0 seconds     
18:47:13  NEW POSITION AT 0,0
18:47:13  SHUTTING DOWN ANTENNA UNTIL GIVEN A NEW COMMAND
18:47:13  A0 OFF
18:47:13  move 1 1
18:47:13  CURRENT POSITION 0,0    
18:47:13  EXECUTING COMMAND G0 1 1    
18:47:13  MOVING TO 1.0,1.0 : estimated time: 5.0 seconds     
18:47:18  NEW POSITION AT 1.0,1.0
18:47:18  collect 10 mattercollection.log
18:50:03  move 40 40
18:50:03  CURRENT POSITION 0,0    
18:50:03  EXECUTING COMMAND G0 40 40    
18:50:04  MOVING TO 40.0,40.0 : estimated time: 200.0 seconds     
18:53:24  NEW POSITION AT 40.0,40.0
12:21:01  move 1 1
12:21:01  CURRENT POSITION 0,0    
12:21:01  EXECUTING COMMAND G0 1 1    
12:21:01  MOVING TO 1.0,1.0 : estimated time: 5.0 seconds     
12:21:06  NEW POSITION AT 1.0,1.0
12:25:26  move 5 5
12:25:26  CURRENT POSITION 0,0    
12:25:26  EXECUTING COMMAND G0 5 5    
12:25:26  MOVING TO 5.0,5.0 : estimated time: 25.0 seconds     
12:25:51  NEW POSITION AT 5.0,5.0
12:26:14  Generating Script
12:26:25  load test.ses
12:26:25  READING FILE..
12:26:25  stow
12:26:25  RESETING TO POSITION 0, 0
12:26:25  CURRENT POSITION 5,5    
12:26:25  EXECUTING COMMAND G0 0 0    
12:26:25  MOVING TO 0,0 : estimated time: 25.0 seconds     
12:26:50  NEW POSITION AT 0,0
12:26:50  SHUTTING DOWN ANTENNA UNTIL GIVEN A NEW COMMAND
12:26:50  A0 OFF
12:26:50  end
12:26:50  CLOSING THE LOG FILE
12:26:50  ENDING DATA COLLECTION